<?xml version="1.0" encoding="UTF-8"?>
<!-- Generated by org.testng.reporters.JUnitReportReporter -->
<testsuite skipped="0" hostname="Aishwarya_M-LP" name="com.w2a.BaseClass.ValidationOnCard" tests="1" failures="0" timestamp="10 May 2021 14:33:45 GMT" time="1.099" errors="0">
  <testcase name="login" time="1.099" classname="com.w2a.BaseClass.ValidationOnCard"/>
</testsuite> <!-- com.w2a.BaseClass.ValidationOnCard -->
