<?xml version="1.0" encoding="UTF-8"?>
<!-- Generated by org.testng.reporters.JUnitReportReporter -->
<testsuite skipped="0" hostname="Aishwarya_M-LP" name="com.w2a.TestCases.LoginTest" tests="1" failures="0" timestamp="10 May 2021 13:05:18 GMT" time="0.574" errors="0">
  <testcase name="loginWithBankManager" time="0.574" classname="com.w2a.TestCases.LoginTest"/>
</testsuite> <!-- com.w2a.TestCases.LoginTest -->
